<!DOCTYPE html PUBLIC "-//W3C//DTD XHTML 1.1//EN" "http://www.w3.org/TR/xhtml11/DTD/xhtml11.dtd">
<html xmlns="http://www.w3.org/1999/xhtml">
<head>
<meta http-equiv="content-type" content="text/html; charset=UTF-8"/>
<title>TestNG Report</title>
<style type="text/css">table {margin-bottom:10px;border-collapse:collapse;empty-cells:show}th,td {border:1px solid #009;padding:.25em .5em}th {vertical-align:bottom}td {vertical-align:top}table a {font-weight:bold}.stripe td {background-color: #E6EBF9}.num {text-align:right}.passedodd td {background-color: #3F3}.passedeven td {background-color: #0A0}.skippedodd td {background-color: #DDD}.skippedeven td {background-color: #CCC}.failedodd td,.attn {background-color: #F33}.failedeven td,.stripe .attn {background-color: #D00}.stacktrace {white-space:pre;font-family:monospace}.totop {font-size:85%;text-align:center;border-bottom:2px solid #000}.invisible {display:none}</style>
</head>
<body>
<table>
<tr><th>Test</th><th># Passed</th><th># Skipped</th><th># Failed</th><th>Time (ms)</th><th>Included Groups</th><th>Excluded Groups</th></tr>
<tr><th colspan="7">Suite</th></tr>
<tr><td><a href="#t0">Test Case for ecommerce android Form</a></td><td class="num">2</td><td class="num">0</td><td class="num attn">2</td><td class="num">107,590</td><td></td><td></td></tr>
<tr class="stripe"><td><a href="#t1">Test Case for ecommerce android Cart</a></td><td class="num">4</td><td class="num">0</td><td class="num">0</td><td class="num">123,961</td><td></td><td></td></tr>
<tr><th>Total</th><th class="num">6</th><th class="num">0</th><th class="num attn">2</th><th class="num">231,551</th><th colspan="2"></th></tr>
</table>
<table id='summary'><thead><tr><th>Class</th><th>Method</th><th>Start</th><th>Time (ms)</th></tr></thead><tbody><tr><th colspan="4">Suite</th></tr></tbody><tbody id="t0"><tr><th colspan="4">Test Case for ecommerce android Form &#8212; failed</th></tr><tr class="failedeven"><td rowspan="2">ecommerceTest.ecommerce_TestCase_FormValidations</td><td><a href="#m0">loginFailure</a></td><td rowspan="2">1691017317514</td><td rowspan="2">18174</td></tr><tr class="failedeven"><td><a href="#m1">loginFailure</a></td></tr><tr><th colspan="4">Test Case for ecommerce android Form &#8212; passed</th></tr><tr class="passedeven"><td rowspan="2">ecommerceTest.ecommerce_TestCase_FormValidations</td><td><a href="#m2">loginSucess</a></td><td rowspan="2">1691017396219</td><td rowspan="2">13519</td></tr><tr class="passedeven"><td><a href="#m3">loginSucess</a></td></tr></tbody>
<tbody id="t1"><tr><th colspan="4">Test Case for ecommerce android Cart &#8212; passed</th></tr><tr class="passedeven"><td rowspan="4">ecommerceTest.ecommerce_TestCase_CartValidations</td><td><a href="#m4">verifyProductInCart</a></td><td rowspan="2">1691017452731</td><td rowspan="2">22531</td></tr><tr class="passedeven"><td><a href="#m5">verifyProductInCart</a></td></tr><tr class="passedeven"><td><a href="#m6">verifytotalPriceCalculation</a></td><td rowspan="2">1691017484781</td><td rowspan="2">19902</td></tr><tr class="passedeven"><td><a href="#m7">verifytotalPriceCalculation</a></td></tr></tbody>
</table>
<h2>Test Case for ecommerce android Form</h2><h3 id="m0">ecommerceTest.ecommerce_TestCase_FormValidations#loginFailure</h3><table class="result"><tr class="param"><th>Parameter #1</th></tr><tr class="param stripe"><td>{name=Sathya, country=Argentina, gender=female}</td></tr><tr><th>Exception</th></tr><tr><td><div class="stacktrace">org.openqa.selenium.NoSuchElementException: Can&apos;t locate an element by this strategy: By.chained({By.xpath: //android.widget.Toast[1]})
	at io.appium.java_client.pagefactory.AppiumElementLocator.findElement(AppiumElementLocator.java:125)
	at io.appium.java_client.pagefactory.interceptors.InterceptorOfASingleElement.call(InterceptorOfASingleElement.java:54)
	at io.appium.java_client.proxy.Interceptor.intercept(Interceptor.java:75)
	at org.openqa.selenium.remote.RemoteWebElement$ByteBuddy$SpwE51fs.getAttribute(Unknown Source)
	at pageObject.Android.FormPage.getToastMessage(FormPage.java:84)
	at ecommerceTest.ecommerce_TestCase_FormValidations.loginFailure(ecommerce_TestCase_FormValidations.java:37)
Caused by: org.openqa.selenium.TimeoutException: Expected condition failed: waiting for io.appium.java_client.pagefactory.AppiumElementLocator$WaitingFunction@42ed89da (tried for 1 second(s) with 500 milliseconds interval)
	at org.openqa.selenium.support.ui.FluentWait.timeoutException(FluentWait.java:262)
	at org.openqa.selenium.support.ui.FluentWait.until(FluentWait.java:230)
	at io.appium.java_client.pagefactory.AppiumElementLocator.waitFor(AppiumElementLocator.java:98)
	at io.appium.java_client.pagefactory.AppiumElementLocator.findElement(AppiumElementLocator.java:118)
	... 28 more
Caused by: org.openqa.selenium.NoSuchElementException: Cannot locate an element using By.chained({By.xpath: //android.widget.Toast[1]})
For documentation on this error, please visit: https://www.selenium.dev/documentation/webdriver/troubleshooting/errors#no-such-element-exception
Build info: version: &apos;4.11.0&apos;, revision: &apos;040bc5406b&apos;
System info: os.name: &apos;Windows 11&apos;, os.arch: &apos;amd64&apos;, os.version: &apos;10.0&apos;, java.version: &apos;18&apos;
Driver info: driver.version: RemoteWebDriver
	at io.appium.java_client.pagefactory.bys.builder.ByChained.findElement(ByChained.java:77)
	at org.openqa.selenium.remote.ElementLocation$ElementFinder$1.findElement(ElementLocation.java:139)
	at org.openqa.selenium.remote.ElementLocation.findElement(ElementLocation.java:59)
	at org.openqa.selenium.remote.RemoteWebDriver.findElement(RemoteWebDriver.java:355)
	at org.openqa.selenium.remote.RemoteWebDriver.findElement(RemoteWebDriver.java:349)
	at io.appium.java_client.pagefactory.bys.ContentMappedBy.findElement(ContentMappedBy.java:50)
	at org.openqa.selenium.remote.ElementLocation$ElementFinder$1.findElement(ElementLocation.java:139)
	at org.openqa.selenium.remote.ElementLocation.findElement(ElementLocation.java:59)
	at org.openqa.selenium.remote.RemoteWebDriver.findElement(RemoteWebDriver.java:355)
	at org.openqa.selenium.remote.RemoteWebDriver.findElement(RemoteWebDriver.java:349)
	at io.appium.java_client.pagefactory.AppiumElementLocator.lambda$findElement$0(AppiumElementLocator.java:119)
	at io.appium.java_client.pagefactory.AppiumElementLocator$WaitingFunction.apply(AppiumElementLocator.java:171)
	at io.appium.java_client.pagefactory.AppiumElementLocator$WaitingFunction.apply(AppiumElementLocator.java:164)
	at org.openqa.selenium.support.ui.FluentWait.until(FluentWait.java:205)
	... 30 more
... Removed 23 stack frames</div></td></tr></table><p class="totop"><a href="#summary">back to summary</a></p>
<h3 id="m1">ecommerceTest.ecommerce_TestCase_FormValidations#loginFailure</h3><table class="result"><tr class="param"><th>Parameter #1</th></tr><tr class="param stripe"><td>{name=Jegadish, country=Argentina, gender=male}</td></tr><tr><th>Exception</th></tr><tr><td><div class="stacktrace">org.openqa.selenium.NoSuchElementException: Can&apos;t locate an element by this strategy: By.chained({By.xpath: //android.widget.Toast[1]})
	at io.appium.java_client.pagefactory.AppiumElementLocator.findElement(AppiumElementLocator.java:125)
	at io.appium.java_client.pagefactory.interceptors.InterceptorOfASingleElement.call(InterceptorOfASingleElement.java:54)
	at io.appium.java_client.proxy.Interceptor.intercept(Interceptor.java:75)
	at org.openqa.selenium.remote.RemoteWebElement$ByteBuddy$KSRCfFLH.getAttribute(Unknown Source)
	at pageObject.Android.FormPage.getToastMessage(FormPage.java:84)
	at ecommerceTest.ecommerce_TestCase_FormValidations.loginFailure(ecommerce_TestCase_FormValidations.java:37)
Caused by: org.openqa.selenium.TimeoutException: Expected condition failed: waiting for io.appium.java_client.pagefactory.AppiumElementLocator$WaitingFunction@3009eed7 (tried for 1 second(s) with 500 milliseconds interval)
	at org.openqa.selenium.support.ui.FluentWait.timeoutException(FluentWait.java:262)
	at org.openqa.selenium.support.ui.FluentWait.until(FluentWait.java:230)
	at io.appium.java_client.pagefactory.AppiumElementLocator.waitFor(AppiumElementLocator.java:98)
	at io.appium.java_client.pagefactory.AppiumElementLocator.findElement(AppiumElementLocator.java:118)
	... 28 more
Caused by: org.openqa.selenium.NoSuchElementException: Cannot locate an element using By.chained({By.xpath: //android.widget.Toast[1]})
For documentation on this error, please visit: https://www.selenium.dev/documentation/webdriver/troubleshooting/errors#no-such-element-exception
Build info: version: &apos;4.11.0&apos;, revision: &apos;040bc5406b&apos;
System info: os.name: &apos;Windows 11&apos;, os.arch: &apos;amd64&apos;, os.version: &apos;10.0&apos;, java.version: &apos;18&apos;
Driver info: driver.version: RemoteWebDriver
	at io.appium.java_client.pagefactory.bys.builder.ByChained.findElement(ByChained.java:77)
	at org.openqa.selenium.remote.ElementLocation$ElementFinder$1.findElement(ElementLocation.java:139)
	at org.openqa.selenium.remote.ElementLocation.findElement(ElementLocation.java:59)
	at org.openqa.selenium.remote.RemoteWebDriver.findElement(RemoteWebDriver.java:355)
	at org.openqa.selenium.remote.RemoteWebDriver.findElement(RemoteWebDriver.java:349)
	at io.appium.java_client.pagefactory.bys.ContentMappedBy.findElement(ContentMappedBy.java:50)
	at org.openqa.selenium.remote.ElementLocation$ElementFinder$1.findElement(ElementLocation.java:139)
	at org.openqa.selenium.remote.ElementLocation.findElement(ElementLocation.java:59)
	at org.openqa.selenium.remote.RemoteWebDriver.findElement(RemoteWebDriver.java:355)
	at org.openqa.selenium.remote.RemoteWebDriver.findElement(RemoteWebDriver.java:349)
	at io.appium.java_client.pagefactory.AppiumElementLocator.lambda$findElement$0(AppiumElementLocator.java:119)
	at io.appium.java_client.pagefactory.AppiumElementLocator$WaitingFunction.apply(AppiumElementLocator.java:171)
	at io.appium.java_client.pagefactory.AppiumElementLocator$WaitingFunction.apply(AppiumElementLocator.java:164)
	at org.openqa.selenium.support.ui.FluentWait.until(FluentWait.java:205)
	... 30 more
... Removed 23 stack frames</div></td></tr></table><p class="totop"><a href="#summary">back to summary</a></p>
<h3 id="m2">ecommerceTest.ecommerce_TestCase_FormValidations#loginSucess</h3><table class="result"><tr class="param"><th>Parameter #1</th></tr><tr class="param stripe"><td>{name=Jegadish, country=Argentina, gender=male}</td></tr></table><p class="totop"><a href="#summary">back to summary</a></p>
<h3 id="m3">ecommerceTest.ecommerce_TestCase_FormValidations#loginSucess</h3><table class="result"><tr class="param"><th>Parameter #1</th></tr><tr class="param stripe"><td>{name=Sathya, country=Argentina, gender=female}</td></tr></table><p class="totop"><a href="#summary">back to summary</a></p>
<h2>Test Case for ecommerce android Cart</h2><h3 id="m4">ecommerceTest.ecommerce_TestCase_CartValidations#verifyProductInCart</h3><table class="result"><tr class="param"><th>Parameter #1</th></tr><tr class="param stripe"><td>{name=Jegadish, country=Argentina, gender=male}</td></tr></table><p class="totop"><a href="#summary">back to summary</a></p>
<h3 id="m5">ecommerceTest.ecommerce_TestCase_CartValidations#verifyProductInCart</h3><table class="result"><tr class="param"><th>Parameter #1</th></tr><tr class="param stripe"><td>{name=Sathya, country=Argentina, gender=female}</td></tr></table><p class="totop"><a href="#summary">back to summary</a></p>
<h3 id="m6">ecommerceTest.ecommerce_TestCase_CartValidations#verifytotalPriceCalculation</h3><table class="result"><tr class="param"><th>Parameter #1</th></tr><tr class="param stripe"><td>{name=Sathya, country=Argentina, gender=female}</td></tr></table><p class="totop"><a href="#summary">back to summary</a></p>
<h3 id="m7">ecommerceTest.ecommerce_TestCase_CartValidations#verifytotalPriceCalculation</h3><table class="result"><tr class="param"><th>Parameter #1</th></tr><tr class="param stripe"><td>{name=Jegadish, country=Argentina, gender=male}</td></tr></table><p class="totop"><a href="#summary">back to summary</a></p>
</body>
</html>
